<?xml version="1.0" encoding="UTF-8"?>
<!-- Generated by org.testng.reporters.JUnitXMLReporter -->
<testsuite ignored="0" hostname="LAPTOP-77PK29V5" failures="3" tests="5" name="Surefire test" time="47.704" errors="0" timestamp="2025-07-25T17:41:11 IST">
  <testcase classname="io.cucumber.testng.AbstractTestNGCucumberTests" name="runScenario" time="7.639">
    <failure type="java.lang.AssertionError" message="Validation failed for blank password">
      <![CDATA[java.lang.AssertionError: Validation failed for blank password
at stepDefinitions.PasswordFieldSteps.validateError(PasswordFieldSteps.java:117)
at stepDefinitions.PasswordFieldSteps.validate_password_of_type_using_data_from(PasswordFieldSteps.java:87)
at ✽.I validate password of type "blank" using data from "src/test/resources/data/passwordData.csv"(file:///C:/Cognizant/Sprint2/sprint2/src/test/resources/features/pwd01.feature:7)
]]>
    </failure>
  </testcase> <!-- runScenario -->
  <testcase classname="io.cucumber.testng.AbstractTestNGCucumberTests" name="runScenario" time="4.966">
    <failure type="java.lang.AssertionError" message="Validation failed for short password">
      <![CDATA[java.lang.AssertionError: Validation failed for short password
at stepDefinitions.PasswordFieldSteps.validateError(PasswordFieldSteps.java:117)
at stepDefinitions.PasswordFieldSteps.validate_password_of_type_using_data_from(PasswordFieldSteps.java:87)
at ✽.I validate password of type "short" using data from "src/test/resources/data/passwordData.csv"(file:///C:/Cognizant/Sprint2/sprint2/src/test/resources/features/pwd01.feature:11)
]]>
    </failure>
  </testcase> <!-- runScenario -->
  <testcase classname="io.cucumber.testng.AbstractTestNGCucumberTests" name="runScenario" time="4.956">
    <failure type="java.lang.AssertionError" message="Validation failed for long password">
      <![CDATA[java.lang.AssertionError: Validation failed for long password
at stepDefinitions.PasswordFieldSteps.validateError(PasswordFieldSteps.java:117)
at stepDefinitions.PasswordFieldSteps.validate_password_of_type_using_data_from(PasswordFieldSteps.java:87)
at ✽.I validate password of type "long" using data from "src/test/resources/data/passwordData.csv"(file:///C:/Cognizant/Sprint2/sprint2/src/test/resources/features/pwd01.feature:15)
]]>
    </failure>
  </testcase> <!-- runScenario -->
  <testcase classname="io.cucumber.testng.AbstractTestNGCucumberTests" name="runScenario" time="13.703"/>
  <testcase classname="io.cucumber.testng.AbstractTestNGCucumberTests" name="runScenario" time="15.5"/>
</testsuite> <!-- Surefire test -->
