<?xml version="1.0" encoding="UTF-8"?>
<testsuite xmlns:xsi="http://www.w3.org/2001/XMLSchema-instance" xsi:noNamespaceSchemaLocation="https://maven.apache.org/surefire/maven-surefire-plugin/xsd/surefire-test-report-3.0.xsd" version="3.0" name="testRunner.pwdRunner" time="331.197" tests="20" errors="0" skipped="0" failures="9">
  <properties>
[...]
</properties>
  <testcase name="runScenario[&quot;Blank email validation&quot;, &quot;Email field edge‐case validation&quot;](1)" classname="testRunner.pwdRunner" time="20.157">
    <system-out><![CDATA[
Scenario: Blank email validation                                                                # src/test/resources/features/St_EmailReg.feature:7
Extent Report initialized
ExtentReports initialized successfully
[CONFIG] Properties loaded
  Given I navigate to the Student Registration page                                             # stepDefinitions.EmailRegSteps.i_navigate_to_registration_page()
[ACUTAL DISPLAYED MESSAGE]error->Provide value for email id,
[EXPECTED MESSAGE]Provide value for email id,
⚠️ Table not found, scrolling to middle of the page.
  When I validate email of type "blank" using data from "src/test/resources/data/emailData.csv" # stepDefinitions.EmailRegSteps.validate_email_of_type_using_data_from(java.lang.String,java.lang.String)
  Then email validation should be asserted                                                      # stepDefinitions.EmailRegSteps.email_validation_should_be_asserted()
]]></system-out>
    <system-err><![CDATA[SLF4J: No SLF4J providers were found.
SLF4J: Defaulting to no-operation (NOP) logger implementation
SLF4J: See https://www.slf4j.org/codes.html#noProviders for further details.
Aug 10, 2025 4:28:49 PM org.openqa.selenium.devtools.CdpVersionFinder findNearestMatch
WARNING: Unable to find CDP implementation matching 138
Aug 10, 2025 4:28:49 PM org.openqa.selenium.chromium.ChromiumDriver lambda$new$5
WARNING: Unable to find version of CDP to use for 138.0.7204.185. You may need to include a dependency on a specific version of the CDP using something similar to `org.seleniumhq.selenium:selenium-devtools-v86:4.22.0` where the version ("v86") matches the version of the chromium-based browser you're using and the version number of the artifact is the same as Selenium's.
]]></system-err>
  </testcase>
  <testcase name="runScenario[&quot;Missing &apos;@&apos; symbol validation&quot;, &quot;Email field edge‐case validation&quot;](2)" classname="testRunner.pwdRunner" time="18.241">
    <failure message="Validation failed for email type: missingAtSymbol" type="java.lang.AssertionError"><![CDATA[java.lang.AssertionError: Validation failed for email type: missingAtSymbol
	at stepDefinitions.EmailRegSteps.validate_email_of_type_using_data_from(EmailRegSteps.java:157)
	at ✽.I validate email of type "missingAtSymbol" using data from "src/test/resources/data/emailData.csv"(file:///C:/Cognizant/Sprint2/sprint2Try3/src/test/resources/features/St_EmailReg.feature:12)
]]></failure>
    <system-out><![CDATA[
Scenario: Missing '@' symbol validation                                                                   # src/test/resources/features/St_EmailReg.feature:11
[CONFIG] Properties loaded
  Given I navigate to the Student Registration page                                                       # stepDefinitions.EmailRegSteps.i_navigate_to_registration_page()
[ACUTAL DISPLAYED MESSAGE]result->Registration was successful. The roll number generated is 10449.
[EXPECTED MESSAGE]Invalid email format
⚠️ Table not found, scrolling to middle of the page.
  When I validate email of type "missingAtSymbol" using data from "src/test/resources/data/emailData.csv" # stepDefinitions.EmailRegSteps.validate_email_of_type_using_data_from(java.lang.String,java.lang.String)
      java.lang.AssertionError: Validation failed for email type: missingAtSymbol
	at stepDefinitions.EmailRegSteps.validate_email_of_type_using_data_from(EmailRegSteps.java:157)
	at ✽.I validate email of type "missingAtSymbol" using data from "src/test/resources/data/emailData.csv"(file:///C:/Cognizant/Sprint2/sprint2Try3/src/test/resources/features/St_EmailReg.feature:12)

  Then email validation should be asserted                                                                # stepDefinitions.EmailRegSteps.email_validation_should_be_asserted()

    Embedding Failure Screenshot [image/png 501282 bytes]

[HOOK] Screenshot captured for failed scenario
]]></system-out>
    <system-err><![CDATA[Aug 10, 2025 4:29:07 PM org.openqa.selenium.devtools.CdpVersionFinder findNearestMatch
WARNING: Unable to find CDP implementation matching 138
Aug 10, 2025 4:29:07 PM org.openqa.selenium.chromium.ChromiumDriver lambda$new$5
WARNING: Unable to find version of CDP to use for 138.0.7204.185. You may need to include a dependency on a specific version of the CDP using something similar to `org.seleniumhq.selenium:selenium-devtools-v86:4.22.0` where the version ("v86") matches the version of the chromium-based browser you're using and the version number of the artifact is the same as Selenium's.
]]></system-err>
  </testcase>
  <testcase name="runScenario[&quot;Missing domain validation&quot;, &quot;Email field edge‐case validation&quot;](3)" classname="testRunner.pwdRunner" time="17.194">
    <failure message="Validation failed for email type: missingDomain" type="java.lang.AssertionError"><![CDATA[java.lang.AssertionError: Validation failed for email type: missingDomain
	at stepDefinitions.EmailRegSteps.validate_email_of_type_using_data_from(EmailRegSteps.java:157)
	at ✽.I validate email of type "missingDomain" using data from "src/test/resources/data/emailData.csv"(file:///C:/Cognizant/Sprint2/sprint2Try3/src/test/resources/features/St_EmailReg.feature:16)
]]></failure>
    <system-out><![CDATA[
Scenario: Missing domain validation                                                                     # src/test/resources/features/St_EmailReg.feature:15
[CONFIG] Properties loaded
  Given I navigate to the Student Registration page                                                     # stepDefinitions.EmailRegSteps.i_navigate_to_registration_page()
[ACUTAL DISPLAYED MESSAGE]result->Registration was successful. The roll number generated is 10450.
[EXPECTED MESSAGE]Invalid email format
⚠️ Table not found, scrolling to middle of the page.
  When I validate email of type "missingDomain" using data from "src/test/resources/data/emailData.csv" # stepDefinitions.EmailRegSteps.validate_email_of_type_using_data_from(java.lang.String,java.lang.String)
      java.lang.AssertionError: Validation failed for email type: missingDomain
	at stepDefinitions.EmailRegSteps.validate_email_of_type_using_data_from(EmailRegSteps.java:157)
	at ✽.I validate email of type "missingDomain" using data from "src/test/resources/data/emailData.csv"(file:///C:/Cognizant/Sprint2/sprint2Try3/src/test/resources/features/St_EmailReg.feature:16)

  Then email validation should be asserted                                                              # stepDefinitions.EmailRegSteps.email_validation_should_be_asserted()

    Embedding Failure Screenshot [image/png 501188 bytes]

[HOOK] Screenshot captured for failed scenario
]]></system-out>
    <system-err><![CDATA[Aug 10, 2025 4:29:25 PM org.openqa.selenium.devtools.CdpVersionFinder findNearestMatch
WARNING: Unable to find CDP implementation matching 138
Aug 10, 2025 4:29:25 PM org.openqa.selenium.chromium.ChromiumDriver lambda$new$5
WARNING: Unable to find version of CDP to use for 138.0.7204.185. You may need to include a dependency on a specific version of the CDP using something similar to `org.seleniumhq.selenium:selenium-devtools-v86:4.22.0` where the version ("v86") matches the version of the chromium-based browser you're using and the version number of the artifact is the same as Selenium's.
]]></system-err>
  </testcase>
  <testcase name="runScenario[&quot;Valid email acceptance&quot;, &quot;Email field edge‐case validation&quot;](4)" classname="testRunner.pwdRunner" time="17.239">
    <system-out><![CDATA[
Scenario: Valid email acceptance                                                                # src/test/resources/features/St_EmailReg.feature:19
[CONFIG] Properties loaded
  Given I navigate to the Student Registration page                                             # stepDefinitions.EmailRegSteps.i_navigate_to_registration_page()
[ACUTAL DISPLAYED MESSAGE]result->Registration was successful. The roll number generated is 10451.
[EXPECTED MESSAGE]Success
⚠️ Table not found, scrolling to middle of the page.
  When I validate email of type "valid" using data from "src/test/resources/data/emailData.csv" # stepDefinitions.EmailRegSteps.validate_email_of_type_using_data_from(java.lang.String,java.lang.String)
  Then email validation should be asserted                                                      # stepDefinitions.EmailRegSteps.email_validation_should_be_asserted()
]]></system-out>
    <system-err><![CDATA[Aug 10, 2025 4:29:42 PM org.openqa.selenium.devtools.CdpVersionFinder findNearestMatch
WARNING: Unable to find CDP implementation matching 138
Aug 10, 2025 4:29:42 PM org.openqa.selenium.chromium.ChromiumDriver lambda$new$5
WARNING: Unable to find version of CDP to use for 138.0.7204.185. You may need to include a dependency on a specific version of the CDP using something similar to `org.seleniumhq.selenium:selenium-devtools-v86:4.22.0` where the version ("v86") matches the version of the chromium-based browser you're using and the version number of the artifact is the same as Selenium's.
]]></system-err>
  </testcase>
  <testcase name="runScenario[&quot;Complex email acceptance&quot;, &quot;Email field edge‐case validation&quot;](5)" classname="testRunner.pwdRunner" time="17.946">
    <system-out><![CDATA[
Scenario: Complex email acceptance                                                                # src/test/resources/features/St_EmailReg.feature:23
[CONFIG] Properties loaded
  Given I navigate to the Student Registration page                                               # stepDefinitions.EmailRegSteps.i_navigate_to_registration_page()
[ACUTAL DISPLAYED MESSAGE]result->Registration was successful. The roll number generated is 10452.
[EXPECTED MESSAGE]Success
⚠️ Table not found, scrolling to middle of the page.
  When I validate email of type "complex" using data from "src/test/resources/data/emailData.csv" # stepDefinitions.EmailRegSteps.validate_email_of_type_using_data_from(java.lang.String,java.lang.String)
  Then email validation should be asserted                                                        # stepDefinitions.EmailRegSteps.email_validation_should_be_asserted()
]]></system-out>
    <system-err><![CDATA[Aug 10, 2025 4:29:59 PM org.openqa.selenium.devtools.CdpVersionFinder findNearestMatch
WARNING: Unable to find CDP implementation matching 138
Aug 10, 2025 4:29:59 PM org.openqa.selenium.chromium.ChromiumDriver lambda$new$5
WARNING: Unable to find version of CDP to use for 138.0.7204.185. You may need to include a dependency on a specific version of the CDP using something similar to `org.seleniumhq.selenium:selenium-devtools-v86:4.22.0` where the version ("v86") matches the version of the chromium-based browser you're using and the version number of the artifact is the same as Selenium's.
]]></system-err>
  </testcase>
  <testcase name="runScenario[&quot;Student name is empty&quot;, &quot;Student Name Field Validation&quot;](6)" classname="testRunner.pwdRunner" time="18.217">
    <failure message="Validation failed: expected &apos;Provide value for student name&apos; but got &apos;Provide value for student name,&apos;" type="java.lang.AssertionError"><![CDATA[java.lang.AssertionError: Validation failed: expected 'Provide value for student name' but got 'Provide value for student name,'
	at utils.ValidationHelper.validateResult(ValidationHelper.java:61)
	at stepDefinitions.StNameRegSteps.validate_name_result(StNameRegSteps.java:71)
	at ✽.the name validation result should be "Provide value for student name"(file:///C:/Cognizant/Sprint2/sprint2Try3/src/test/resources/features/St_NameReg.feature:11)
]]></failure>
    <system-out><![CDATA[
Scenario: Student name is empty                                              # src/test/resources/features/St_NameReg.feature:7
[CONFIG] Properties loaded
  Given the user is on the registration page                                 # stepDefinitions.RegBtnSteps.the_user_is_on_registration_page()
  When the user enters "" into the student name field                        # stepDefinitions.StNameRegSteps.the_user_enters_into_student_name(java.lang.String)
  And fills all other fields with valid data                                 # stepDefinitions.StNameRegSteps.fill_other_fields()
  And clicks the register button                                             # stepDefinitions.RegBtnSteps.clicks_register_button()
⚠️ Table not found, scrolling to middle of the page.
[ACTUAL DISPLAYED MESSAGE]error -> Provide value for student name,
[EXPECTED MESSAGE]Provide value for student name
  Then the name validation result should be "Provide value for student name" # stepDefinitions.StNameRegSteps.validate_name_result(java.lang.String)
      java.lang.AssertionError: Validation failed: expected 'Provide value for student name' but got 'Provide value for student name,'
	at utils.ValidationHelper.validateResult(ValidationHelper.java:61)
	at stepDefinitions.StNameRegSteps.validate_name_result(StNameRegSteps.java:71)
	at ✽.the name validation result should be "Provide value for student name"(file:///C:/Cognizant/Sprint2/sprint2Try3/src/test/resources/features/St_NameReg.feature:11)


    Embedding Failure Screenshot [image/png 502949 bytes]

[HOOK] Screenshot captured for failed scenario
]]></system-out>
    <system-err><![CDATA[Aug 10, 2025 4:30:17 PM org.openqa.selenium.devtools.CdpVersionFinder findNearestMatch
WARNING: Unable to find CDP implementation matching 138
Aug 10, 2025 4:30:17 PM org.openqa.selenium.chromium.ChromiumDriver lambda$new$5
WARNING: Unable to find version of CDP to use for 138.0.7204.185. You may need to include a dependency on a specific version of the CDP using something similar to `org.seleniumhq.selenium:selenium-devtools-v86:4.22.0` where the version ("v86") matches the version of the chromium-based browser you're using and the version number of the artifact is the same as Selenium's.
]]></system-err>
  </testcase>
  <testcase name="runScenario[&quot;Student name has only 1 character&quot;, &quot;Student Name Field Validation&quot;](7)" classname="testRunner.pwdRunner" time="19.14">
    <system-out><![CDATA[
Scenario: Student name has only 1 character                                 # src/test/resources/features/St_NameReg.feature:13
[CONFIG] Properties loaded
  Given the user is on the registration page                                # stepDefinitions.RegBtnSteps.the_user_is_on_registration_page()
  When the user enters "A" into the student name field                      # stepDefinitions.StNameRegSteps.the_user_enters_into_student_name(java.lang.String)
  And fills all other fields with valid data                                # stepDefinitions.StNameRegSteps.fill_other_fields()
  And clicks the register button                                            # stepDefinitions.RegBtnSteps.clicks_register_button()
⚠️ Table not found, scrolling to middle of the page.
[ACTUAL DISPLAYED MESSAGE]result -> Registration was successful. The roll number generated is 10453.
[EXPECTED MESSAGE]Minimum 2 characters required
  Then the name validation result should be "Minimum 2 characters required" # stepDefinitions.StNameRegSteps.validate_name_result(java.lang.String)
]]></system-out>
    <system-err><![CDATA[Aug 10, 2025 4:30:35 PM org.openqa.selenium.devtools.CdpVersionFinder findNearestMatch
WARNING: Unable to find CDP implementation matching 138
Aug 10, 2025 4:30:35 PM org.openqa.selenium.chromium.ChromiumDriver lambda$new$5
WARNING: Unable to find version of CDP to use for 138.0.7204.185. You may need to include a dependency on a specific version of the CDP using something similar to `org.seleniumhq.selenium:selenium-devtools-v86:4.22.0` where the version ("v86") matches the version of the chromium-based browser you're using and the version number of the artifact is the same as Selenium's.
]]></system-err>
  </testcase>
  <testcase name="runScenario[&quot;Student name has 2 characters&quot;, &quot;Student Name Field Validation&quot;](8)" classname="testRunner.pwdRunner" time="17.392">
    <system-out><![CDATA[
Scenario: Student name has 2 characters                                                              # src/test/resources/features/St_NameReg.feature:19
[CONFIG] Properties loaded
  Given the user is on the registration page                                                         # stepDefinitions.RegBtnSteps.the_user_is_on_registration_page()
  When the user enters "Ab" into the student name field                                              # stepDefinitions.StNameRegSteps.the_user_enters_into_student_name(java.lang.String)
  And fills all other fields with valid data                                                         # stepDefinitions.StNameRegSteps.fill_other_fields()
  And clicks the register button                                                                     # stepDefinitions.RegBtnSteps.clicks_register_button()
⚠️ Table not found, scrolling to middle of the page.
[ACTUAL DISPLAYED MESSAGE]result -> Registration was successful. The roll number generated is 10454.
[EXPECTED MESSAGE]Registration was successful. The roll number generated
  Then the name validation result should be "Registration was successful. The roll number generated" # stepDefinitions.StNameRegSteps.validate_name_result(java.lang.String)
]]></system-out>
    <system-err><![CDATA[Aug 10, 2025 4:30:55 PM org.openqa.selenium.devtools.CdpVersionFinder findNearestMatch
WARNING: Unable to find CDP implementation matching 138
Aug 10, 2025 4:30:55 PM org.openqa.selenium.chromium.ChromiumDriver lambda$new$5
WARNING: Unable to find version of CDP to use for 138.0.7204.185. You may need to include a dependency on a specific version of the CDP using something similar to `org.seleniumhq.selenium:selenium-devtools-v86:4.22.0` where the version ("v86") matches the version of the chromium-based browser you're using and the version number of the artifact is the same as Selenium's.
]]></system-err>
  </testcase>
  <testcase name="runScenario[&quot;Student name contains numbers&quot;, &quot;Student Name Field Validation&quot;](9)" classname="testRunner.pwdRunner" time="18.581">
    <system-out><![CDATA[
Scenario: Student name contains numbers                                          # src/test/resources/features/St_NameReg.feature:25
[CONFIG] Properties loaded
  Given the user is on the registration page                                     # stepDefinitions.RegBtnSteps.the_user_is_on_registration_page()
  When the user enters "John123" into the student name field                     # stepDefinitions.StNameRegSteps.the_user_enters_into_student_name(java.lang.String)
  And fills all other fields with valid data                                     # stepDefinitions.StNameRegSteps.fill_other_fields()
  And clicks the register button                                                 # stepDefinitions.RegBtnSteps.clicks_register_button()
⚠️ Table not found, scrolling to middle of the page.
[ACTUAL DISPLAYED MESSAGE]result -> Registration was successful. The roll number generated is 10455.
[EXPECTED MESSAGE]No numbers allowed in student name
  Then the name validation result should be "No numbers allowed in student name" # stepDefinitions.StNameRegSteps.validate_name_result(java.lang.String)
]]></system-out>
    <system-err><![CDATA[Aug 10, 2025 4:31:12 PM org.openqa.selenium.devtools.CdpVersionFinder findNearestMatch
WARNING: Unable to find CDP implementation matching 138
Aug 10, 2025 4:31:12 PM org.openqa.selenium.chromium.ChromiumDriver lambda$new$5
WARNING: Unable to find version of CDP to use for 138.0.7204.185. You may need to include a dependency on a specific version of the CDP using something similar to `org.seleniumhq.selenium:selenium-devtools-v86:4.22.0` where the version ("v86") matches the version of the chromium-based browser you're using and the version number of the artifact is the same as Selenium's.
]]></system-err>
  </testcase>
  <testcase name="runScenario[&quot;Student name contains special characters&quot;, &quot;Student Name Field Validation&quot;](10)" classname="testRunner.pwdRunner" time="18.99">
    <system-out><![CDATA[
Scenario: Student name contains special characters                          # src/test/resources/features/St_NameReg.feature:31
[CONFIG] Properties loaded
  Given the user is on the registration page                                # stepDefinitions.RegBtnSteps.the_user_is_on_registration_page()
  When the user enters "@John!" into the student name field                 # stepDefinitions.StNameRegSteps.the_user_enters_into_student_name(java.lang.String)
  And fills all other fields with valid data                                # stepDefinitions.StNameRegSteps.fill_other_fields()
  And clicks the register button                                            # stepDefinitions.RegBtnSteps.clicks_register_button()
⚠️ Table not found, scrolling to middle of the page.
[ACTUAL DISPLAYED MESSAGE]result -> Registration was successful. The roll number generated is 10456.
[EXPECTED MESSAGE]No special characters allowed
  Then the name validation result should be "No special characters allowed" # stepDefinitions.StNameRegSteps.validate_name_result(java.lang.String)
]]></system-out>
    <system-err><![CDATA[Aug 10, 2025 4:31:30 PM org.openqa.selenium.devtools.CdpVersionFinder findNearestMatch
WARNING: Unable to find CDP implementation matching 138
Aug 10, 2025 4:31:30 PM org.openqa.selenium.chromium.ChromiumDriver lambda$new$5
WARNING: Unable to find version of CDP to use for 138.0.7204.185. You may need to include a dependency on a specific version of the CDP using something similar to `org.seleniumhq.selenium:selenium-devtools-v86:4.22.0` where the version ("v86") matches the version of the chromium-based browser you're using and the version number of the artifact is the same as Selenium's.
]]></system-err>
  </testcase>
  <testcase name="runScenario[&quot;Student name exceeds 30 characters&quot;, &quot;Student Name Field Validation&quot;](11)" classname="testRunner.pwdRunner" time="17.783">
    <system-out><![CDATA[
Scenario: Student name exceeds 30 characters                                              # src/test/resources/features/St_NameReg.feature:37
[CONFIG] Properties loaded
  Given the user is on the registration page                                              # stepDefinitions.RegBtnSteps.the_user_is_on_registration_page()
  When the user enters "Johnathan Edward Christopher Maxwell" into the student name field # stepDefinitions.StNameRegSteps.the_user_enters_into_student_name(java.lang.String)
  And fills all other fields with valid data                                              # stepDefinitions.StNameRegSteps.fill_other_fields()
  And clicks the register button                                                          # stepDefinitions.RegBtnSteps.clicks_register_button()
⚠️ Table not found, scrolling to middle of the page.
[ACTUAL DISPLAYED MESSAGE]result -> Registration was successful. The roll number generated is 10457.
[EXPECTED MESSAGE]Maximum 30 characters allowed
  Then the name validation result should be "Maximum 30 characters allowed"               # stepDefinitions.StNameRegSteps.validate_name_result(java.lang.String)
]]></system-out>
    <system-err><![CDATA[Aug 10, 2025 4:31:50 PM org.openqa.selenium.devtools.CdpVersionFinder findNearestMatch
WARNING: Unable to find CDP implementation matching 138
Aug 10, 2025 4:31:50 PM org.openqa.selenium.chromium.ChromiumDriver lambda$new$5
WARNING: Unable to find version of CDP to use for 138.0.7204.185. You may need to include a dependency on a specific version of the CDP using something similar to `org.seleniumhq.selenium:selenium-devtools-v86:4.22.0` where the version ("v86") matches the version of the chromium-based browser you're using and the version number of the artifact is the same as Selenium's.
]]></system-err>
  </testcase>
  <testcase name="runScenario[&quot;Student name is valid&quot;, &quot;Student Name Field Validation&quot;](12)" classname="testRunner.pwdRunner" time="18.892">
    <system-out><![CDATA[
Scenario: Student name is valid                                                                      # src/test/resources/features/St_NameReg.feature:43
[CONFIG] Properties loaded
  Given the user is on the registration page                                                         # stepDefinitions.RegBtnSteps.the_user_is_on_registration_page()
  When the user enters "John Smith" into the student name field                                      # stepDefinitions.StNameRegSteps.the_user_enters_into_student_name(java.lang.String)
  And fills all other fields with valid data                                                         # stepDefinitions.StNameRegSteps.fill_other_fields()
  And clicks the register button                                                                     # stepDefinitions.RegBtnSteps.clicks_register_button()
⚠️ Table not found, scrolling to middle of the page.
[ACTUAL DISPLAYED MESSAGE]result -> Registration was successful. The roll number generated is 10458.
[EXPECTED MESSAGE]Registration was successful. The roll number generated
  Then the name validation result should be "Registration was successful. The roll number generated" # stepDefinitions.StNameRegSteps.validate_name_result(java.lang.String)
]]></system-out>
    <system-err><![CDATA[Aug 10, 2025 4:32:07 PM org.openqa.selenium.devtools.CdpVersionFinder findNearestMatch
WARNING: Unable to find CDP implementation matching 138
Aug 10, 2025 4:32:07 PM org.openqa.selenium.chromium.ChromiumDriver lambda$new$5
WARNING: Unable to find version of CDP to use for 138.0.7204.185. You may need to include a dependency on a specific version of the CDP using something similar to `org.seleniumhq.selenium:selenium-devtools-v86:4.22.0` where the version ("v86") matches the version of the chromium-based browser you're using and the version number of the artifact is the same as Selenium's.
]]></system-err>
  </testcase>
  <testcase name="runScenario[&quot;Blank password validation&quot;, &quot;Password field edge‐case validation&quot;](13)" classname="testRunner.pwdRunner" time="4.722">
    <failure message="Validation failed for blank password" type="java.lang.AssertionError"><![CDATA[java.lang.AssertionError: Validation failed for blank password
	at stepDefinitions.PwdLoginSteps.validateError(PwdLoginSteps.java:121)
	at stepDefinitions.PwdLoginSteps.validate_password_of_type_using_data_from(PwdLoginSteps.java:86)
	at ✽.I validate password of type "blank" using data from "src/test/resources/data/passwordData.csv"(file:///C:/Cognizant/Sprint2/sprint2Try3/src/test/resources/features/pwdLogin.feature:8)
]]></failure>
    <system-out><![CDATA[
Scenario: Blank password validation                                                                   # src/test/resources/features/pwdLogin.feature:7
[CONFIG] Properties loaded
  Given I open the login page                                                                         # stepDefinitions.PwdLoginSteps.i_open_the_login_page()
  When I validate password of type "blank" using data from "src/test/resources/data/passwordData.csv" # stepDefinitions.PwdLoginSteps.validate_password_of_type_using_data_from(java.lang.String,java.lang.String)
      java.lang.AssertionError: Validation failed for blank password
	at stepDefinitions.PwdLoginSteps.validateError(PwdLoginSteps.java:121)
	at stepDefinitions.PwdLoginSteps.validate_password_of_type_using_data_from(PwdLoginSteps.java:86)
	at ✽.I validate password of type "blank" using data from "src/test/resources/data/passwordData.csv"(file:///C:/Cognizant/Sprint2/sprint2Try3/src/test/resources/features/pwdLogin.feature:8)

  Then validation should be asserted                                                                  # stepDefinitions.PwdLoginSteps.final_validation()

    Embedding Failure Screenshot [image/png 879461 bytes]

[HOOK] Screenshot captured for failed scenario
]]></system-out>
    <system-err><![CDATA[Aug 10, 2025 4:32:26 PM org.openqa.selenium.devtools.CdpVersionFinder findNearestMatch
WARNING: Unable to find CDP implementation matching 138
Aug 10, 2025 4:32:26 PM org.openqa.selenium.chromium.ChromiumDriver lambda$new$5
WARNING: Unable to find version of CDP to use for 138.0.7204.185. You may need to include a dependency on a specific version of the CDP using something similar to `org.seleniumhq.selenium:selenium-devtools-v86:4.22.0` where the version ("v86") matches the version of the chromium-based browser you're using and the version number of the artifact is the same as Selenium's.
]]></system-err>
  </testcase>
  <testcase name="runScenario[&quot;Short password validation&quot;, &quot;Password field edge‐case validation&quot;](14)" classname="testRunner.pwdRunner" time="4.895">
    <failure message="Validation failed for short password" type="java.lang.AssertionError"><![CDATA[java.lang.AssertionError: Validation failed for short password
	at stepDefinitions.PwdLoginSteps.validateError(PwdLoginSteps.java:121)
	at stepDefinitions.PwdLoginSteps.validate_password_of_type_using_data_from(PwdLoginSteps.java:86)
	at ✽.I validate password of type "short" using data from "src/test/resources/data/passwordData.csv"(file:///C:/Cognizant/Sprint2/sprint2Try3/src/test/resources/features/pwdLogin.feature:12)
]]></failure>
    <system-out><![CDATA[
Scenario: Short password validation                                                                   # src/test/resources/features/pwdLogin.feature:11
[CONFIG] Properties loaded
  Given I open the login page                                                                         # stepDefinitions.PwdLoginSteps.i_open_the_login_page()
  When I validate password of type "short" using data from "src/test/resources/data/passwordData.csv" # stepDefinitions.PwdLoginSteps.validate_password_of_type_using_data_from(java.lang.String,java.lang.String)
      java.lang.AssertionError: Validation failed for short password
	at stepDefinitions.PwdLoginSteps.validateError(PwdLoginSteps.java:121)
	at stepDefinitions.PwdLoginSteps.validate_password_of_type_using_data_from(PwdLoginSteps.java:86)
	at ✽.I validate password of type "short" using data from "src/test/resources/data/passwordData.csv"(file:///C:/Cognizant/Sprint2/sprint2Try3/src/test/resources/features/pwdLogin.feature:12)

  Then validation should be asserted                                                                  # stepDefinitions.PwdLoginSteps.final_validation()

    Embedding Failure Screenshot [image/png 877236 bytes]

[HOOK] Screenshot captured for failed scenario
]]></system-out>
    <system-err><![CDATA[Aug 10, 2025 4:32:31 PM org.openqa.selenium.devtools.CdpVersionFinder findNearestMatch
WARNING: Unable to find CDP implementation matching 138
Aug 10, 2025 4:32:31 PM org.openqa.selenium.chromium.ChromiumDriver lambda$new$5
WARNING: Unable to find version of CDP to use for 138.0.7204.185. You may need to include a dependency on a specific version of the CDP using something similar to `org.seleniumhq.selenium:selenium-devtools-v86:4.22.0` where the version ("v86") matches the version of the chromium-based browser you're using and the version number of the artifact is the same as Selenium's.
]]></system-err>
  </testcase>
  <testcase name="runScenario[&quot;Long password validation&quot;, &quot;Password field edge‐case validation&quot;](15)" classname="testRunner.pwdRunner" time="4.977">
    <failure message="Validation failed for long password" type="java.lang.AssertionError"><![CDATA[java.lang.AssertionError: Validation failed for long password
	at stepDefinitions.PwdLoginSteps.validateError(PwdLoginSteps.java:121)
	at stepDefinitions.PwdLoginSteps.validate_password_of_type_using_data_from(PwdLoginSteps.java:86)
	at ✽.I validate password of type "long" using data from "src/test/resources/data/passwordData.csv"(file:///C:/Cognizant/Sprint2/sprint2Try3/src/test/resources/features/pwdLogin.feature:16)
]]></failure>
    <system-out><![CDATA[
Scenario: Long password validation                                                                   # src/test/resources/features/pwdLogin.feature:15
[CONFIG] Properties loaded
  Given I open the login page                                                                        # stepDefinitions.PwdLoginSteps.i_open_the_login_page()
  When I validate password of type "long" using data from "src/test/resources/data/passwordData.csv" # stepDefinitions.PwdLoginSteps.validate_password_of_type_using_data_from(java.lang.String,java.lang.String)
      java.lang.AssertionError: Validation failed for long password
	at stepDefinitions.PwdLoginSteps.validateError(PwdLoginSteps.java:121)
	at stepDefinitions.PwdLoginSteps.validate_password_of_type_using_data_from(PwdLoginSteps.java:86)
	at ✽.I validate password of type "long" using data from "src/test/resources/data/passwordData.csv"(file:///C:/Cognizant/Sprint2/sprint2Try3/src/test/resources/features/pwdLogin.feature:16)

  Then validation should be asserted                                                                 # stepDefinitions.PwdLoginSteps.final_validation()

    Embedding Failure Screenshot [image/png 877767 bytes]

[HOOK] Screenshot captured for failed scenario
]]></system-out>
    <system-err><![CDATA[Aug 10, 2025 4:32:36 PM org.openqa.selenium.devtools.CdpVersionFinder findNearestMatch
WARNING: Unable to find CDP implementation matching 138
Aug 10, 2025 4:32:36 PM org.openqa.selenium.chromium.ChromiumDriver lambda$new$5
WARNING: Unable to find version of CDP to use for 138.0.7204.185. You may need to include a dependency on a specific version of the CDP using something similar to `org.seleniumhq.selenium:selenium-devtools-v86:4.22.0` where the version ("v86") matches the version of the chromium-based browser you're using and the version number of the artifact is the same as Selenium's.
]]></system-err>
  </testcase>
  <testcase name="runScenario[&quot;Valid password acceptance&quot;, &quot;Password field edge‐case validation&quot;](16)" classname="testRunner.pwdRunner" time="14.134">
    <system-out><![CDATA[
Scenario: Valid password acceptance                                                                   # src/test/resources/features/pwdLogin.feature:19
[CONFIG] Properties loaded
  Given I open the login page                                                                         # stepDefinitions.PwdLoginSteps.i_open_the_login_page()
  When I validate password of type "valid" using data from "src/test/resources/data/passwordData.csv" # stepDefinitions.PwdLoginSteps.validate_password_of_type_using_data_from(java.lang.String,java.lang.String)
  Then validation should be asserted                                                                  # stepDefinitions.PwdLoginSteps.final_validation()
]]></system-out>
    <system-err><![CDATA[Aug 10, 2025 4:32:41 PM org.openqa.selenium.devtools.CdpVersionFinder findNearestMatch
WARNING: Unable to find CDP implementation matching 138
Aug 10, 2025 4:32:41 PM org.openqa.selenium.chromium.ChromiumDriver lambda$new$5
WARNING: Unable to find version of CDP to use for 138.0.7204.185. You may need to include a dependency on a specific version of the CDP using something similar to `org.seleniumhq.selenium:selenium-devtools-v86:4.22.0` where the version ("v86") matches the version of the chromium-based browser you're using and the version number of the artifact is the same as Selenium's.
]]></system-err>
  </testcase>
  <testcase name="runScenario[&quot;Special characters allowed&quot;, &quot;Password field edge‐case validation&quot;](17)" classname="testRunner.pwdRunner" time="14.29">
    <system-out><![CDATA[
Scenario: Special characters allowed                                                                    # src/test/resources/features/pwdLogin.feature:23
[CONFIG] Properties loaded
  Given I open the login page                                                                           # stepDefinitions.PwdLoginSteps.i_open_the_login_page()
  When I validate password of type "special" using data from "src/test/resources/data/passwordData.csv" # stepDefinitions.PwdLoginSteps.validate_password_of_type_using_data_from(java.lang.String,java.lang.String)
  Then validation should be asserted                                                                    # stepDefinitions.PwdLoginSteps.final_validation()
]]></system-out>
    <system-err><![CDATA[Aug 10, 2025 4:32:55 PM org.openqa.selenium.devtools.CdpVersionFinder findNearestMatch
WARNING: Unable to find CDP implementation matching 138
Aug 10, 2025 4:32:55 PM org.openqa.selenium.chromium.ChromiumDriver lambda$new$5
WARNING: Unable to find version of CDP to use for 138.0.7204.185. You may need to include a dependency on a specific version of the CDP using something similar to `org.seleniumhq.selenium:selenium-devtools-v86:4.22.0` where the version ("v86") matches the version of the chromium-based browser you're using and the version number of the artifact is the same as Selenium's.
]]></system-err>
  </testcase>
  <testcase name="runScenario[&quot;Click register without entering any data&quot;, &quot;Registration Button&quot;](18)" classname="testRunner.pwdRunner" time="18.211">
    <failure message="Validation failed: expected &apos;Provide value for all fields&apos; but got &apos;Provide value for student name, Provide value for mobile number, Provide value for email id, Provide value for cgpa, Provide value for department name, Provide value for backlog count,&apos;" type="java.lang.AssertionError"><![CDATA[java.lang.AssertionError: Validation failed: expected 'Provide value for all fields' but got 'Provide value for student name, Provide value for mobile number, Provide value for email id, Provide value for cgpa, Provide value for department name, Provide value for backlog count,'
	at utils.ValidationHelper.validateResult(ValidationHelper.java:61)
	at stepDefinitions.RegBtnSteps.validate_registration_result(RegBtnSteps.java:81)
	at ✽.the registration result should be "Provide value for all fields"(file:///C:/Cognizant/Sprint2/sprint2Try3/src/test/resources/features/regButtonReg.feature:6)
]]></failure>
    <system-out><![CDATA[
Scenario: Click register without entering any data                      # src/test/resources/features/regButtonReg.feature:3
[CONFIG] Properties loaded
  Given the user is on the registration page                            # stepDefinitions.RegBtnSteps.the_user_is_on_registration_page()
  When the user clicks the register button without filling the form     # stepDefinitions.RegBtnSteps.user_clicks_register_without_data()
⚠️ Table not found, scrolling to middle of the page.
[ACTUAL DISPLAYED MESSAGE]error -> Provide value for student name, Provide value for mobile number, Provide value for email id, Provide value for cgpa, Provide value for department name, Provide value for backlog count,
[EXPECTED MESSAGE]Provide value for all fields
  Then the registration result should be "Provide value for all fields" # stepDefinitions.RegBtnSteps.validate_registration_result(java.lang.String)
      java.lang.AssertionError: Validation failed: expected 'Provide value for all fields' but got 'Provide value for student name, Provide value for mobile number, Provide value for email id, Provide value for cgpa, Provide value for department name, Provide value for backlog count,'
	at utils.ValidationHelper.validateResult(ValidationHelper.java:61)
	at stepDefinitions.RegBtnSteps.validate_registration_result(RegBtnSteps.java:81)
	at ✽.the registration result should be "Provide value for all fields"(file:///C:/Cognizant/Sprint2/sprint2Try3/src/test/resources/features/regButtonReg.feature:6)


    Embedding Failure Screenshot [image/png 502211 bytes]

[HOOK] Screenshot captured for failed scenario
]]></system-out>
    <system-err><![CDATA[Aug 10, 2025 4:33:09 PM org.openqa.selenium.devtools.CdpVersionFinder findNearestMatch
WARNING: Unable to find CDP implementation matching 138
Aug 10, 2025 4:33:09 PM org.openqa.selenium.chromium.ChromiumDriver lambda$new$5
WARNING: Unable to find version of CDP to use for 138.0.7204.185. You may need to include a dependency on a specific version of the CDP using something similar to `org.seleniumhq.selenium:selenium-devtools-v86:4.22.0` where the version ("v86") matches the version of the chromium-based browser you're using and the version number of the artifact is the same as Selenium's.
]]></system-err>
  </testcase>
  <testcase name="runScenario[&quot;Click register with valid student name&quot;, &quot;Registration Button&quot;](19)" classname="testRunner.pwdRunner" time="18.064">
    <failure message="Expected registration success, but got [error]: Provide value for backlog count," type="java.lang.AssertionError"><![CDATA[java.lang.AssertionError: Expected registration success, but got [error]: Provide value for backlog count,
	at utils.ValidationHelper.validateResult(ValidationHelper.java:42)
	at stepDefinitions.RegBtnSteps.validate_registration_result(RegBtnSteps.java:81)
	at ✽.the registration result should be "Registration was successful"(file:///C:/Cognizant/Sprint2/sprint2Try3/src/test/resources/features/regButtonReg.feature:12)
]]></failure>
    <system-out><![CDATA[
Scenario: Click register with valid student name                       # src/test/resources/features/regButtonReg.feature:8
[CONFIG] Properties loaded
  Given the user is on the registration page                           # stepDefinitions.RegBtnSteps.the_user_is_on_registration_page()
  When the user enters all the fields with valid data                  # stepDefinitions.RegBtnSteps.enter_all_valid_fields_from_properties()
  And clicks the register button                                       # stepDefinitions.RegBtnSteps.clicks_register_button()
⚠️ Table not found, scrolling to middle of the page.
[ACTUAL DISPLAYED MESSAGE]error -> Provide value for backlog count,
[EXPECTED MESSAGE]Registration was successful
  Then the registration result should be "Registration was successful" # stepDefinitions.RegBtnSteps.validate_registration_result(java.lang.String)
      java.lang.AssertionError: Expected registration success, but got [error]: Provide value for backlog count,
	at utils.ValidationHelper.validateResult(ValidationHelper.java:42)
	at stepDefinitions.RegBtnSteps.validate_registration_result(RegBtnSteps.java:81)
	at ✽.the registration result should be "Registration was successful"(file:///C:/Cognizant/Sprint2/sprint2Try3/src/test/resources/features/regButtonReg.feature:12)


    Embedding Failure Screenshot [image/png 508346 bytes]

[HOOK] Screenshot captured for failed scenario
]]></system-out>
    <system-err><![CDATA[Aug 10, 2025 4:33:27 PM org.openqa.selenium.devtools.CdpVersionFinder findNearestMatch
WARNING: Unable to find CDP implementation matching 138
Aug 10, 2025 4:33:27 PM org.openqa.selenium.chromium.ChromiumDriver lambda$new$5
WARNING: Unable to find version of CDP to use for 138.0.7204.185. You may need to include a dependency on a specific version of the CDP using something similar to `org.seleniumhq.selenium:selenium-devtools-v86:4.22.0` where the version ("v86") matches the version of the chromium-based browser you're using and the version number of the artifact is the same as Selenium's.
]]></system-err>
  </testcase>
  <testcase name="runScenario[&quot;Validate all student details against CSV data&quot;, &quot;View All Students Page&quot;](20)" classname="testRunner.pwdRunner" time="28.979">
    <failure message="Mismatch for roll 10097 at column[1]: expected [Ananya Sharma] but found [krish] expected [Ananya Sharma] but found [krish]" type="java.lang.AssertionError"><![CDATA[java.lang.AssertionError: Mismatch for roll 10097 at column[1]: expected [Ananya Sharma] but found [krish] expected [Ananya Sharma] but found [krish]
	at org.testng.Assert.fail(Assert.java:111)
	at org.testng.Assert.failNotEquals(Assert.java:1578)
	at org.testng.Assert.assertEqualsImpl(Assert.java:150)
	at org.testng.Assert.assertEquals(Assert.java:132)
	at org.testng.Assert.assertEquals(Assert.java:656)
	at stepDefinitions.ViewAllStudentsSteps.the_user_validates_each_student_by_roll_number(ViewAllStudentsSteps.java:114)
	at ✽.the user validates each student by roll number(file:///C:/Cognizant/Sprint2/sprint2Try3/src/test/resources/features/viewAllStudents.feature:16)
]]></failure>
    <system-out><![CDATA[
Scenario: Validate all student details against CSV data     # src/test/resources/features/viewAllStudents.feature:10
[CONFIG] Properties loaded
  Given I navigate to the View All Students page            # stepDefinitions.ViewAllStudentsSteps.i_navigate_to_view_all_students_page()
  And student data is loaded from "studentData.csv"         # stepDefinitions.ViewAllStudentsSteps.student_data_is_loaded_from(java.lang.String)
⚠️ Table not found, scrolling to middle of the page.
📸 Screenshot saved: screenshots/RowPresence_10097_20250810_163400.png
Cell text: 10097
Cell text: krish
Cell text: 9876543210
Cell text: krish@gmail.com
Cell text: 9.5
Cell text: ECE
Cell text: 15
Cell text: 
⚠️ Table not found, scrolling to middle of the page.
📸 Screenshot saved: screenshots/Details_10097_20250810_163413.png
  When the user validates each student by roll number       # stepDefinitions.ViewAllStudentsSteps.the_user_validates_each_student_by_roll_number()
      java.lang.AssertionError: Mismatch for roll 10097 at column[1]: expected [Ananya Sharma] but found [krish] expected [Ananya Sharma] but found [krish]
	at org.testng.Assert.fail(Assert.java:111)
	at org.testng.Assert.failNotEquals(Assert.java:1578)
	at org.testng.Assert.assertEqualsImpl(Assert.java:150)
	at org.testng.Assert.assertEquals(Assert.java:132)
	at org.testng.Assert.assertEquals(Assert.java:656)
	at stepDefinitions.ViewAllStudentsSteps.the_user_validates_each_student_by_roll_number(ViewAllStudentsSteps.java:114)
	at ✽.the user validates each student by roll number(file:///C:/Cognizant/Sprint2/sprint2Try3/src/test/resources/features/viewAllStudents.feature:16)

  Then all student details should match the expected values # stepDefinitions.ViewAllStudentsSteps.all_student_details_should_match_the_expected_values()

    Embedding Failure Screenshot [image/png 257793 bytes]

[HOOK] Screenshot captured for failed scenario
]]></system-out>
    <system-err><![CDATA[Aug 10, 2025 4:33:45 PM org.openqa.selenium.devtools.CdpVersionFinder findNearestMatch
WARNING: Unable to find CDP implementation matching 138
Aug 10, 2025 4:33:45 PM org.openqa.selenium.chromium.ChromiumDriver lambda$new$5
WARNING: Unable to find version of CDP to use for 138.0.7204.185. You may need to include a dependency on a specific version of the CDP using something similar to `org.seleniumhq.selenium:selenium-devtools-v86:4.22.0` where the version ("v86") matches the version of the chromium-based browser you're using and the version number of the artifact is the same as Selenium's.
]]></system-err>
  </testcase>
</testsuite>