<?xml version="1.0" encoding="UTF-8"?>
<testsuite xmlns:xsi="http://www.w3.org/2001/XMLSchema-instance" xsi:noNamespaceSchemaLocation="https://maven.apache.org/surefire/maven-surefire-plugin/xsd/surefire-test-report-3.0.xsd" version="3.0" name="testRunner.pwdRunner" time="48.319" tests="5" errors="0" skipped="0" failures="3">
  <properties>
[...]
</properties>
  <testcase name="runScenario[&quot;Blank password validation&quot;, &quot;Password field edge‐case validation&quot;](1)" classname="testRunner.pwdRunner" time="7.643">
    <failure message="Validation failed for blank password" type="java.lang.AssertionError"><![CDATA[java.lang.AssertionError: Validation failed for blank password
	at stepDefinitions.PasswordFieldSteps.validateError(PasswordFieldSteps.java:117)
	at stepDefinitions.PasswordFieldSteps.validate_password_of_type_using_data_from(PasswordFieldSteps.java:87)
	at ✽.I validate password of type "blank" using data from "src/test/resources/data/passwordData.csv"(file:///C:/Cognizant/Sprint2/sprint2/src/test/resources/features/pwd01.feature:7)
]]></failure>
    <system-out><![CDATA[
Scenario: Blank password validation                                                                   # src/test/resources/features/pwd01.feature:6
[CONFIG] Properties loaded
  Given I open the login page                                                                         # stepDefinitions.PasswordFieldSteps.i_open_the_login_page()
📸 Screenshot saved: screenshots/Error_blank_20250725_174030.png
  When I validate password of type "blank" using data from "src/test/resources/data/passwordData.csv" # stepDefinitions.PasswordFieldSteps.validate_password_of_type_using_data_from(java.lang.String,java.lang.String)
      java.lang.AssertionError: Validation failed for blank password
	at stepDefinitions.PasswordFieldSteps.validateError(PasswordFieldSteps.java:117)
	at stepDefinitions.PasswordFieldSteps.validate_password_of_type_using_data_from(PasswordFieldSteps.java:87)
	at ✽.I validate password of type "blank" using data from "src/test/resources/data/passwordData.csv"(file:///C:/Cognizant/Sprint2/sprint2/src/test/resources/features/pwd01.feature:7)

  Then validation should be asserted                                                                  # stepDefinitions.PasswordFieldSteps.final_validation()

    Embedding Failure Screenshot [image/png 883690 bytes]

[HOOK] Screenshot captured for failed scenario
]]></system-out>
    <system-err><![CDATA[SLF4J: No SLF4J providers were found.
SLF4J: Defaulting to no-operation (NOP) logger implementation
SLF4J: See https://www.slf4j.org/codes.html#noProviders for further details.
Jul 25, 2025 5:40:27 PM org.openqa.selenium.devtools.CdpVersionFinder findNearestMatch
WARNING: Unable to find CDP implementation matching 138
Jul 25, 2025 5:40:27 PM org.openqa.selenium.chromium.ChromiumDriver lambda$new$5
WARNING: Unable to find version of CDP to use for 138.0.7204.158. You may need to include a dependency on a specific version of the CDP using something similar to `org.seleniumhq.selenium:selenium-devtools-v86:4.22.0` where the version ("v86") matches the version of the chromium-based browser you're using and the version number of the artifact is the same as Selenium's.
]]></system-err>
  </testcase>
  <testcase name="runScenario[&quot;Short password validation&quot;, &quot;Password field edge‐case validation&quot;](2)" classname="testRunner.pwdRunner" time="4.963">
    <failure message="Validation failed for short password" type="java.lang.AssertionError"><![CDATA[java.lang.AssertionError: Validation failed for short password
	at stepDefinitions.PasswordFieldSteps.validateError(PasswordFieldSteps.java:117)
	at stepDefinitions.PasswordFieldSteps.validate_password_of_type_using_data_from(PasswordFieldSteps.java:87)
	at ✽.I validate password of type "short" using data from "src/test/resources/data/passwordData.csv"(file:///C:/Cognizant/Sprint2/sprint2/src/test/resources/features/pwd01.feature:11)
]]></failure>
    <system-out><![CDATA[
Scenario: Short password validation                                                                   # src/test/resources/features/pwd01.feature:10
[CONFIG] Properties loaded
  Given I open the login page                                                                         # stepDefinitions.PasswordFieldSteps.i_open_the_login_page()
📸 Screenshot saved: screenshots/Error_short_20250725_174035.png
  When I validate password of type "short" using data from "src/test/resources/data/passwordData.csv" # stepDefinitions.PasswordFieldSteps.validate_password_of_type_using_data_from(java.lang.String,java.lang.String)
      java.lang.AssertionError: Validation failed for short password
	at stepDefinitions.PasswordFieldSteps.validateError(PasswordFieldSteps.java:117)
	at stepDefinitions.PasswordFieldSteps.validate_password_of_type_using_data_from(PasswordFieldSteps.java:87)
	at ✽.I validate password of type "short" using data from "src/test/resources/data/passwordData.csv"(file:///C:/Cognizant/Sprint2/sprint2/src/test/resources/features/pwd01.feature:11)

  Then validation should be asserted                                                                  # stepDefinitions.PasswordFieldSteps.final_validation()

    Embedding Failure Screenshot [image/png 881600 bytes]

[HOOK] Screenshot captured for failed scenario
]]></system-out>
    <system-err><![CDATA[Jul 25, 2025 5:40:33 PM org.openqa.selenium.devtools.CdpVersionFinder findNearestMatch
WARNING: Unable to find CDP implementation matching 138
Jul 25, 2025 5:40:33 PM org.openqa.selenium.chromium.ChromiumDriver lambda$new$5
WARNING: Unable to find version of CDP to use for 138.0.7204.158. You may need to include a dependency on a specific version of the CDP using something similar to `org.seleniumhq.selenium:selenium-devtools-v86:4.22.0` where the version ("v86") matches the version of the chromium-based browser you're using and the version number of the artifact is the same as Selenium's.
]]></system-err>
  </testcase>
  <testcase name="runScenario[&quot;Long password validation&quot;, &quot;Password field edge‐case validation&quot;](3)" classname="testRunner.pwdRunner" time="4.956">
    <failure message="Validation failed for long password" type="java.lang.AssertionError"><![CDATA[java.lang.AssertionError: Validation failed for long password
	at stepDefinitions.PasswordFieldSteps.validateError(PasswordFieldSteps.java:117)
	at stepDefinitions.PasswordFieldSteps.validate_password_of_type_using_data_from(PasswordFieldSteps.java:87)
	at ✽.I validate password of type "long" using data from "src/test/resources/data/passwordData.csv"(file:///C:/Cognizant/Sprint2/sprint2/src/test/resources/features/pwd01.feature:15)
]]></failure>
    <system-out><![CDATA[
Scenario: Long password validation                                                                   # src/test/resources/features/pwd01.feature:14
[CONFIG] Properties loaded
  Given I open the login page                                                                        # stepDefinitions.PasswordFieldSteps.i_open_the_login_page()
📸 Screenshot saved: screenshots/Error_long_20250725_174040.png
  When I validate password of type "long" using data from "src/test/resources/data/passwordData.csv" # stepDefinitions.PasswordFieldSteps.validate_password_of_type_using_data_from(java.lang.String,java.lang.String)
      java.lang.AssertionError: Validation failed for long password
	at stepDefinitions.PasswordFieldSteps.validateError(PasswordFieldSteps.java:117)
	at stepDefinitions.PasswordFieldSteps.validate_password_of_type_using_data_from(PasswordFieldSteps.java:87)
	at ✽.I validate password of type "long" using data from "src/test/resources/data/passwordData.csv"(file:///C:/Cognizant/Sprint2/sprint2/src/test/resources/features/pwd01.feature:15)

  Then validation should be asserted                                                                 # stepDefinitions.PasswordFieldSteps.final_validation()

    Embedding Failure Screenshot [image/png 882101 bytes]

[HOOK] Screenshot captured for failed scenario
]]></system-out>
    <system-err><![CDATA[Jul 25, 2025 5:40:37 PM org.openqa.selenium.devtools.CdpVersionFinder findNearestMatch
WARNING: Unable to find CDP implementation matching 138
Jul 25, 2025 5:40:37 PM org.openqa.selenium.chromium.ChromiumDriver lambda$new$5
WARNING: Unable to find version of CDP to use for 138.0.7204.158. You may need to include a dependency on a specific version of the CDP using something similar to `org.seleniumhq.selenium:selenium-devtools-v86:4.22.0` where the version ("v86") matches the version of the chromium-based browser you're using and the version number of the artifact is the same as Selenium's.
]]></system-err>
  </testcase>
  <testcase name="runScenario[&quot;Valid password acceptance&quot;, &quot;Password field edge‐case validation&quot;](4)" classname="testRunner.pwdRunner" time="13.702">
    <system-out><![CDATA[
Scenario: Valid password acceptance                                                                   # src/test/resources/features/pwd01.feature:18
[CONFIG] Properties loaded
  Given I open the login page                                                                         # stepDefinitions.PasswordFieldSteps.i_open_the_login_page()
📸 Screenshot saved: screenshots/Pass_valid_20250725_174055.png
  When I validate password of type "valid" using data from "src/test/resources/data/passwordData.csv" # stepDefinitions.PasswordFieldSteps.validate_password_of_type_using_data_from(java.lang.String,java.lang.String)
  Then validation should be asserted                                                                  # stepDefinitions.PasswordFieldSteps.final_validation()
]]></system-out>
    <system-err><![CDATA[Jul 25, 2025 5:40:42 PM org.openqa.selenium.devtools.CdpVersionFinder findNearestMatch
WARNING: Unable to find CDP implementation matching 138
Jul 25, 2025 5:40:42 PM org.openqa.selenium.chromium.ChromiumDriver lambda$new$5
WARNING: Unable to find version of CDP to use for 138.0.7204.158. You may need to include a dependency on a specific version of the CDP using something similar to `org.seleniumhq.selenium:selenium-devtools-v86:4.22.0` where the version ("v86") matches the version of the chromium-based browser you're using and the version number of the artifact is the same as Selenium's.
]]></system-err>
  </testcase>
  <testcase name="runScenario[&quot;Special characters allowed&quot;, &quot;Password field edge‐case validation&quot;](5)" classname="testRunner.pwdRunner" time="15.501">
    <system-out><![CDATA[
Scenario: Special characters allowed                                                                    # src/test/resources/features/pwd01.feature:22
[CONFIG] Properties loaded
  Given I open the login page                                                                           # stepDefinitions.PasswordFieldSteps.i_open_the_login_page()
📸 Screenshot saved: screenshots/Pass_special_20250725_174109.png
  When I validate password of type "special" using data from "src/test/resources/data/passwordData.csv" # stepDefinitions.PasswordFieldSteps.validate_password_of_type_using_data_from(java.lang.String,java.lang.String)
  Then validation should be asserted                                                                    # stepDefinitions.PasswordFieldSteps.final_validation()
]]></system-out>
    <system-err><![CDATA[Jul 25, 2025 5:40:56 PM org.openqa.selenium.devtools.CdpVersionFinder findNearestMatch
WARNING: Unable to find CDP implementation matching 138
Jul 25, 2025 5:40:56 PM org.openqa.selenium.chromium.ChromiumDriver lambda$new$5
WARNING: Unable to find version of CDP to use for 138.0.7204.158. You may need to include a dependency on a specific version of the CDP using something similar to `org.seleniumhq.selenium:selenium-devtools-v86:4.22.0` where the version ("v86") matches the version of the chromium-based browser you're using and the version number of the artifact is the same as Selenium's.
]]></system-err>
  </testcase>
</testsuite>