-------------------------------------------------------------------------------
Test set: testRunner.pwdRunner
-------------------------------------------------------------------------------
Tests run: 10, Failures: 5, Errors: 0, Skipped: 0, Time elapsed: 124.738 s <<< FAILURE! - in testRunner.pwdRunner
testRunner.pwdRunner.runScenario["Missing '@' symbol validation", "Email field edge‐case validation"](2)  Time elapsed: 16.532 s  <<< FAILURE!
java.lang.AssertionError: Validation failed for email type: missingAtSymbol
	at stepDefinitions.RegistrationSteps.validate_email_of_type_using_data_from(RegistrationSteps.java:146)
	at ✽.I validate email of type "missingAtSymbol" using data from "src/test/resources/data/emailData.csv"(file:///C:/Cognizant/Sprint2/sprint2Registration/src/test/resources/features/StudentRegistrationEmail.feature:11)

testRunner.pwdRunner.runScenario["Missing domain validation", "Email field edge‐case validation"](3)  Time elapsed: 16.464 s  <<< FAILURE!
java.lang.AssertionError: Validation failed for email type: missingDomain
	at stepDefinitions.RegistrationSteps.validate_email_of_type_using_data_from(RegistrationSteps.java:146)
	at ✽.I validate email of type "missingDomain" using data from "src/test/resources/data/emailData.csv"(file:///C:/Cognizant/Sprint2/sprint2Registration/src/test/resources/features/StudentRegistrationEmail.feature:15)

testRunner.pwdRunner.runScenario["Blank password validation", "Password field edge‐case validation"](6)  Time elapsed: 4.347 s  <<< FAILURE!
java.lang.AssertionError: Validation failed for blank password
	at stepDefinitions.PasswordFieldSteps.validateError(PasswordFieldSteps.java:117)
	at stepDefinitions.PasswordFieldSteps.validate_password_of_type_using_data_from(PasswordFieldSteps.java:87)
	at ✽.I validate password of type "blank" using data from "src/test/resources/data/passwordData.csv"(file:///C:/Cognizant/Sprint2/sprint2Registration/src/test/resources/features/pwd01.feature:7)

testRunner.pwdRunner.runScenario["Short password validation", "Password field edge‐case validation"](7)  Time elapsed: 4.309 s  <<< FAILURE!
java.lang.AssertionError: Validation failed for short password
	at stepDefinitions.PasswordFieldSteps.validateError(PasswordFieldSteps.java:117)
	at stepDefinitions.PasswordFieldSteps.validate_password_of_type_using_data_from(PasswordFieldSteps.java:87)
	at ✽.I validate password of type "short" using data from "src/test/resources/data/passwordData.csv"(file:///C:/Cognizant/Sprint2/sprint2Registration/src/test/resources/features/pwd01.feature:11)

testRunner.pwdRunner.runScenario["Long password validation", "Password field edge‐case validation"](8)  Time elapsed: 4.551 s  <<< FAILURE!
java.lang.AssertionError: Validation failed for long password
	at stepDefinitions.PasswordFieldSteps.validateError(PasswordFieldSteps.java:117)
	at stepDefinitions.PasswordFieldSteps.validate_password_of_type_using_data_from(PasswordFieldSteps.java:87)
	at ✽.I validate password of type "long" using data from "src/test/resources/data/passwordData.csv"(file:///C:/Cognizant/Sprint2/sprint2Registration/src/test/resources/features/pwd01.feature:15)

