<?xml version="1.0" encoding="UTF-8"?>
<testsuite xmlns:xsi="http://www.w3.org/2001/XMLSchema-instance" xsi:noNamespaceSchemaLocation="https://maven.apache.org/surefire/maven-surefire-plugin/xsd/surefire-test-report-3.0.xsd" version="3.0" name="testRunner.SingleTestRunner" time="134.833" tests="7" errors="0" skipped="0" failures="0">
  <properties>
[...]
</properties>
  <testcase name="runScenario[&quot;CGPA is empty&quot;, &quot;CGPA Field Validation&quot;](1)" classname="testRunner.SingleTestRunner" time="21.957">
    <system-out><![CDATA[
Scenario: CGPA is empty                                               # src/test/resources/features/St_CGPAReg.feature:7
Extent Report initialized
ExtentReports initialized successfully
[CONFIG] Properties loaded
  Given the user is on the registration page                          # stepDefinitions.RegBtnSteps.the_user_is_on_registration_page()
  When the user enters "" into the CGPA field                         # stepDefinitions.StCgpaRegSteps.the_user_enters_into_cgpa_field(java.lang.String)
  And fills all other fields with valid data except cgpa              # stepDefinitions.StCgpaRegSteps.fill_other_fields_for_cgpa()
  And clicks the register button                                      # stepDefinitions.RegBtnSteps.clicks_register_button()
⚠️ Table not found, scrolling to middle of the page.
[ACTUAL DISPLAYED MESSAGE]error -> Provide value for cgpa,
[EXPECTED MESSAGE]Provide value for cgpa,
  Then the cgpa validation result should be "Provide value for cgpa," # stepDefinitions.StCgpaRegSteps.validate_cgpa_result(java.lang.String)
]]></system-out>
    <system-err><![CDATA[SLF4J: No SLF4J providers were found.
SLF4J: Defaulting to no-operation (NOP) logger implementation
SLF4J: See https://www.slf4j.org/codes.html#noProviders for further details.
Aug 10, 2025 7:42:37 PM org.openqa.selenium.devtools.CdpVersionFinder findNearestMatch
WARNING: Unable to find CDP implementation matching 138
Aug 10, 2025 7:42:37 PM org.openqa.selenium.chromium.ChromiumDriver lambda$new$5
WARNING: Unable to find version of CDP to use for 138.0.7204.185. You may need to include a dependency on a specific version of the CDP using something similar to `org.seleniumhq.selenium:selenium-devtools-v86:4.22.0` where the version ("v86") matches the version of the chromium-based browser you're using and the version number of the artifact is the same as Selenium's.
]]></system-err>
  </testcase>
  <testcase name="runScenario[&quot;CGPA is less than 0&quot;, &quot;CGPA Field Validation&quot;](2)" classname="testRunner.SingleTestRunner" time="18.646">
    <system-out><![CDATA[
Scenario: CGPA is less than 0                                         # src/test/resources/features/St_CGPAReg.feature:13
[CONFIG] Properties loaded
  Given the user is on the registration page                          # stepDefinitions.RegBtnSteps.the_user_is_on_registration_page()
  When the user enters "-1" into the CGPA field                       # stepDefinitions.StCgpaRegSteps.the_user_enters_into_cgpa_field(java.lang.String)
  And fills all other fields with valid data except cgpa              # stepDefinitions.StCgpaRegSteps.fill_other_fields_for_cgpa()
  And clicks the register button                                      # stepDefinitions.RegBtnSteps.clicks_register_button()
⚠️ Table not found, scrolling to middle of the page.
[ACTUAL DISPLAYED MESSAGE]error -> Provide value for cgpa,
[EXPECTED MESSAGE]Provide value for cgpa,
  Then the cgpa validation result should be "Provide value for cgpa," # stepDefinitions.StCgpaRegSteps.validate_cgpa_result(java.lang.String)
]]></system-out>
    <system-err><![CDATA[Aug 10, 2025 7:42:57 PM org.openqa.selenium.devtools.CdpVersionFinder findNearestMatch
WARNING: Unable to find CDP implementation matching 138
Aug 10, 2025 7:42:57 PM org.openqa.selenium.chromium.ChromiumDriver lambda$new$5
WARNING: Unable to find version of CDP to use for 138.0.7204.185. You may need to include a dependency on a specific version of the CDP using something similar to `org.seleniumhq.selenium:selenium-devtools-v86:4.22.0` where the version ("v86") matches the version of the chromium-based browser you're using and the version number of the artifact is the same as Selenium's.
]]></system-err>
  </testcase>
  <testcase name="runScenario[&quot;CGPA is greater than 10&quot;, &quot;CGPA Field Validation&quot;](3)" classname="testRunner.SingleTestRunner" time="18.183">
    <system-out><![CDATA[
Scenario: CGPA is greater than 10                                     # src/test/resources/features/St_CGPAReg.feature:19
[CONFIG] Properties loaded
  Given the user is on the registration page                          # stepDefinitions.RegBtnSteps.the_user_is_on_registration_page()
  When the user enters "10.5" into the CGPA field                     # stepDefinitions.StCgpaRegSteps.the_user_enters_into_cgpa_field(java.lang.String)
  And fills all other fields with valid data except cgpa              # stepDefinitions.StCgpaRegSteps.fill_other_fields_for_cgpa()
  And clicks the register button                                      # stepDefinitions.RegBtnSteps.clicks_register_button()
⚠️ Table not found, scrolling to middle of the page.
[ACTUAL DISPLAYED MESSAGE]result -> Registration was successful. The roll number generated is 10470.
[EXPECTED MESSAGE]Provide value for cgpa,
  Then the cgpa validation result should be "Provide value for cgpa," # stepDefinitions.StCgpaRegSteps.validate_cgpa_result(java.lang.String)
]]></system-out>
    <system-err><![CDATA[Aug 10, 2025 7:43:15 PM org.openqa.selenium.devtools.CdpVersionFinder findNearestMatch
WARNING: Unable to find CDP implementation matching 138
Aug 10, 2025 7:43:15 PM org.openqa.selenium.chromium.ChromiumDriver lambda$new$5
WARNING: Unable to find version of CDP to use for 138.0.7204.185. You may need to include a dependency on a specific version of the CDP using something similar to `org.seleniumhq.selenium:selenium-devtools-v86:4.22.0` where the version ("v86") matches the version of the chromium-based browser you're using and the version number of the artifact is the same as Selenium's.
]]></system-err>
  </testcase>
  <testcase name="runScenario[&quot;CGPA has alphabetic characters&quot;, &quot;CGPA Field Validation&quot;](4)" classname="testRunner.SingleTestRunner" time="18.536">
    <system-out><![CDATA[
Scenario: CGPA has alphabetic characters                              # src/test/resources/features/St_CGPAReg.feature:25
[CONFIG] Properties loaded
  Given the user is on the registration page                          # stepDefinitions.RegBtnSteps.the_user_is_on_registration_page()
  When the user enters "nine" into the CGPA field                     # stepDefinitions.StCgpaRegSteps.the_user_enters_into_cgpa_field(java.lang.String)
  And fills all other fields with valid data except cgpa              # stepDefinitions.StCgpaRegSteps.fill_other_fields_for_cgpa()
  And clicks the register button                                      # stepDefinitions.RegBtnSteps.clicks_register_button()
⚠️ Table not found, scrolling to middle of the page.
[ACTUAL DISPLAYED MESSAGE]error -> Provide value for cgpa,
[EXPECTED MESSAGE]Provide value for cgpa,
  Then the cgpa validation result should be "Provide value for cgpa," # stepDefinitions.StCgpaRegSteps.validate_cgpa_result(java.lang.String)
]]></system-out>
    <system-err><![CDATA[Aug 10, 2025 7:43:33 PM org.openqa.selenium.devtools.CdpVersionFinder findNearestMatch
WARNING: Unable to find CDP implementation matching 138
Aug 10, 2025 7:43:33 PM org.openqa.selenium.chromium.ChromiumDriver lambda$new$5
WARNING: Unable to find version of CDP to use for 138.0.7204.185. You may need to include a dependency on a specific version of the CDP using something similar to `org.seleniumhq.selenium:selenium-devtools-v86:4.22.0` where the version ("v86") matches the version of the chromium-based browser you're using and the version number of the artifact is the same as Selenium's.
]]></system-err>
  </testcase>
  <testcase name="runScenario[&quot;CGPA has special characters&quot;, &quot;CGPA Field Validation&quot;](5)" classname="testRunner.SingleTestRunner" time="18.287">
    <system-out><![CDATA[
Scenario: CGPA has special characters                                 # src/test/resources/features/St_CGPAReg.feature:31
[CONFIG] Properties loaded
  Given the user is on the registration page                          # stepDefinitions.RegBtnSteps.the_user_is_on_registration_page()
  When the user enters "9.0*" into the CGPA field                     # stepDefinitions.StCgpaRegSteps.the_user_enters_into_cgpa_field(java.lang.String)
  And fills all other fields with valid data except cgpa              # stepDefinitions.StCgpaRegSteps.fill_other_fields_for_cgpa()
  And clicks the register button                                      # stepDefinitions.RegBtnSteps.clicks_register_button()
⚠️ Table not found, scrolling to middle of the page.
[ACTUAL DISPLAYED MESSAGE]result -> Registration was successful. The roll number generated is 10471.
[EXPECTED MESSAGE]Provide value for cgpa,
  Then the cgpa validation result should be "Provide value for cgpa," # stepDefinitions.StCgpaRegSteps.validate_cgpa_result(java.lang.String)
]]></system-out>
    <system-err><![CDATA[Aug 10, 2025 7:43:52 PM org.openqa.selenium.devtools.CdpVersionFinder findNearestMatch
WARNING: Unable to find CDP implementation matching 138
Aug 10, 2025 7:43:52 PM org.openqa.selenium.chromium.ChromiumDriver lambda$new$5
WARNING: Unable to find version of CDP to use for 138.0.7204.185. You may need to include a dependency on a specific version of the CDP using something similar to `org.seleniumhq.selenium:selenium-devtools-v86:4.22.0` where the version ("v86") matches the version of the chromium-based browser you're using and the version number of the artifact is the same as Selenium's.
]]></system-err>
  </testcase>
  <testcase name="runScenario[&quot;CGPA is valid with one decimal&quot;, &quot;CGPA Field Validation&quot;](6)" classname="testRunner.SingleTestRunner" time="17.871">
    <system-out><![CDATA[
Scenario: CGPA is valid with one decimal                                                             # src/test/resources/features/St_CGPAReg.feature:37
[CONFIG] Properties loaded
  Given the user is on the registration page                                                         # stepDefinitions.RegBtnSteps.the_user_is_on_registration_page()
  When the user enters "7.5" into the CGPA field                                                     # stepDefinitions.StCgpaRegSteps.the_user_enters_into_cgpa_field(java.lang.String)
  And fills all other fields with valid data except cgpa                                             # stepDefinitions.StCgpaRegSteps.fill_other_fields_for_cgpa()
  And clicks the register button                                                                     # stepDefinitions.RegBtnSteps.clicks_register_button()
⚠️ Table not found, scrolling to middle of the page.
[ACTUAL DISPLAYED MESSAGE]result -> Registration was successful. The roll number generated is 10472.
[EXPECTED MESSAGE]Registration was successful. The roll number generated
  Then the cgpa validation result should be "Registration was successful. The roll number generated" # stepDefinitions.StCgpaRegSteps.validate_cgpa_result(java.lang.String)
]]></system-out>
    <system-err><![CDATA[Aug 10, 2025 7:44:10 PM org.openqa.selenium.devtools.CdpVersionFinder findNearestMatch
WARNING: Unable to find CDP implementation matching 138
Aug 10, 2025 7:44:10 PM org.openqa.selenium.chromium.ChromiumDriver lambda$new$5
WARNING: Unable to find version of CDP to use for 138.0.7204.185. You may need to include a dependency on a specific version of the CDP using something similar to `org.seleniumhq.selenium:selenium-devtools-v86:4.22.0` where the version ("v86") matches the version of the chromium-based browser you're using and the version number of the artifact is the same as Selenium's.
]]></system-err>
  </testcase>
  <testcase name="runScenario[&quot;CGPA is valid as integer&quot;, &quot;CGPA Field Validation&quot;](7)" classname="testRunner.SingleTestRunner" time="17.993">
    <system-out><![CDATA[
Scenario: CGPA is valid as integer                                                                   # src/test/resources/features/St_CGPAReg.feature:43
[CONFIG] Properties loaded
  Given the user is on the registration page                                                         # stepDefinitions.RegBtnSteps.the_user_is_on_registration_page()
  When the user enters "8" into the CGPA field                                                       # stepDefinitions.StCgpaRegSteps.the_user_enters_into_cgpa_field(java.lang.String)
  And fills all other fields with valid data except cgpa                                             # stepDefinitions.StCgpaRegSteps.fill_other_fields_for_cgpa()
  And clicks the register button                                                                     # stepDefinitions.RegBtnSteps.clicks_register_button()
⚠️ Table not found, scrolling to middle of the page.
[ACTUAL DISPLAYED MESSAGE]result -> Registration was successful. The roll number generated is 10473.
[EXPECTED MESSAGE]Registration was successful. The roll number generated
  Then the cgpa validation result should be "Registration was successful. The roll number generated" # stepDefinitions.StCgpaRegSteps.validate_cgpa_result(java.lang.String)
]]></system-out>
    <system-err><![CDATA[Aug 10, 2025 7:44:28 PM org.openqa.selenium.devtools.CdpVersionFinder findNearestMatch
WARNING: Unable to find CDP implementation matching 138
Aug 10, 2025 7:44:28 PM org.openqa.selenium.chromium.ChromiumDriver lambda$new$5
WARNING: Unable to find version of CDP to use for 138.0.7204.185. You may need to include a dependency on a specific version of the CDP using something similar to `org.seleniumhq.selenium:selenium-devtools-v86:4.22.0` where the version ("v86") matches the version of the chromium-based browser you're using and the version number of the artifact is the same as Selenium's.
]]></system-err>
  </testcase>
</testsuite>