<?xml version="1.0" encoding="UTF-8"?>
<!-- Generated by org.testng.reporters.JUnitReportReporter -->
<testsuite hostname="LAPTOP-77PK29V5" failures="9" tests="20" name="testRunner.pwdRunner" time="328.031" errors="0" timestamp="2025-08-10T16:34:15 IST" skipped="0">
  <testcase classname="testRunner.pwdRunner" name="runScenario" time="17.941"/>
  <testcase classname="testRunner.pwdRunner" name="runScenario" time="4.975">
    <failure message="Validation failed for long password" type="java.lang.AssertionError">
      <![CDATA[java.lang.AssertionError: Validation failed for long password
at stepDefinitions.PwdLoginSteps.validateError(PwdLoginSteps.java:121)
at stepDefinitions.PwdLoginSteps.validate_password_of_type_using_data_from(PwdLoginSteps.java:86)
at ✽.I validate password of type "long" using data from "src/test/resources/data/passwordData.csv"(file:///C:/Cognizant/Sprint2/sprint2Try3/src/test/resources/features/pwdLogin.feature:16)
]]>
    </failure>
  </testcase> <!-- runScenario -->
  <testcase classname="testRunner.pwdRunner" name="runScenario" time="18.211">
    <failure message="Validation failed: expected &#039;Provide value for all fields&#039; but got &#039;Provide value for student name, Provide value for mobile number, Provide value for email id, Provide value for cgpa, Provide value for department name, Provide value for backlog count,&#039;" type="java.lang.AssertionError">
      <![CDATA[java.lang.AssertionError: Validation failed: expected 'Provide value for all fields' but got 'Provide value for student name, Provide value for mobile number, Provide value for email id, Provide value for cgpa, Provide value for department name, Provide value for backlog count,'
at utils.ValidationHelper.validateResult(ValidationHelper.java:61)
at stepDefinitions.RegBtnSteps.validate_registration_result(RegBtnSteps.java:81)
at ✽.the registration result should be "Provide value for all fields"(file:///C:/Cognizant/Sprint2/sprint2Try3/src/test/resources/features/regButtonReg.feature:6)
]]>
    </failure>
  </testcase> <!-- runScenario -->
  <testcase classname="testRunner.pwdRunner" name="runScenario" time="18.581"/>
  <testcase classname="testRunner.pwdRunner" name="runScenario" time="18.222">
    <failure message="Validation failed: expected &#039;Provide value for student name&#039; but got &#039;Provide value for student name,&#039;" type="java.lang.AssertionError">
      <![CDATA[java.lang.AssertionError: Validation failed: expected 'Provide value for student name' but got 'Provide value for student name,'
at utils.ValidationHelper.validateResult(ValidationHelper.java:61)
at stepDefinitions.StNameRegSteps.validate_name_result(StNameRegSteps.java:71)
at ✽.the name validation result should be "Provide value for student name"(file:///C:/Cognizant/Sprint2/sprint2Try3/src/test/resources/features/St_NameReg.feature:11)
]]>
    </failure>
  </testcase> <!-- runScenario -->
  <testcase classname="testRunner.pwdRunner" name="runScenario" time="4.895">
    <failure message="Validation failed for short password" type="java.lang.AssertionError">
      <![CDATA[java.lang.AssertionError: Validation failed for short password
at stepDefinitions.PwdLoginSteps.validateError(PwdLoginSteps.java:121)
at stepDefinitions.PwdLoginSteps.validate_password_of_type_using_data_from(PwdLoginSteps.java:86)
at ✽.I validate password of type "short" using data from "src/test/resources/data/passwordData.csv"(file:///C:/Cognizant/Sprint2/sprint2Try3/src/test/resources/features/pwdLogin.feature:12)
]]>
    </failure>
  </testcase> <!-- runScenario -->
  <testcase classname="testRunner.pwdRunner" name="runScenario" time="4.722">
    <failure message="Validation failed for blank password" type="java.lang.AssertionError">
      <![CDATA[java.lang.AssertionError: Validation failed for blank password
at stepDefinitions.PwdLoginSteps.validateError(PwdLoginSteps.java:121)
at stepDefinitions.PwdLoginSteps.validate_password_of_type_using_data_from(PwdLoginSteps.java:86)
at ✽.I validate password of type "blank" using data from "src/test/resources/data/passwordData.csv"(file:///C:/Cognizant/Sprint2/sprint2Try3/src/test/resources/features/pwdLogin.feature:8)
]]>
    </failure>
  </testcase> <!-- runScenario -->
  <testcase classname="testRunner.pwdRunner" name="runScenario" time="14.133"/>
  <testcase classname="testRunner.pwdRunner" name="runScenario" time="18.064">
    <failure message="Expected registration success, but got [error]: Provide value for backlog count," type="java.lang.AssertionError">
      <![CDATA[java.lang.AssertionError: Expected registration success, but got [error]: Provide value for backlog count,
at utils.ValidationHelper.validateResult(ValidationHelper.java:42)
at stepDefinitions.RegBtnSteps.validate_registration_result(RegBtnSteps.java:81)
at ✽.the registration result should be "Registration was successful"(file:///C:/Cognizant/Sprint2/sprint2Try3/src/test/resources/features/regButtonReg.feature:12)
]]>
    </failure>
  </testcase> <!-- runScenario -->
  <testcase classname="testRunner.pwdRunner" name="runScenario" time="20.153"/>
  <testcase classname="testRunner.pwdRunner" name="runScenario" time="17.782"/>
  <testcase classname="testRunner.pwdRunner" name="runScenario" time="17.392"/>
  <testcase classname="testRunner.pwdRunner" name="runScenario" time="18.990"/>
  <testcase classname="testRunner.pwdRunner" name="runScenario" time="14.290"/>
  <testcase classname="testRunner.pwdRunner" name="runScenario" time="18.236">
    <failure message="Validation failed for email type: missingAtSymbol" type="java.lang.AssertionError">
      <![CDATA[java.lang.AssertionError: Validation failed for email type: missingAtSymbol
at stepDefinitions.EmailRegSteps.validate_email_of_type_using_data_from(EmailRegSteps.java:157)
at ✽.I validate email of type "missingAtSymbol" using data from "src/test/resources/data/emailData.csv"(file:///C:/Cognizant/Sprint2/sprint2Try3/src/test/resources/features/St_EmailReg.feature:12)
]]>
    </failure>
  </testcase> <!-- runScenario -->
  <testcase classname="testRunner.pwdRunner" name="runScenario" time="17.192">
    <failure message="Validation failed for email type: missingDomain" type="java.lang.AssertionError">
      <![CDATA[java.lang.AssertionError: Validation failed for email type: missingDomain
at stepDefinitions.EmailRegSteps.validate_email_of_type_using_data_from(EmailRegSteps.java:157)
at ✽.I validate email of type "missingDomain" using data from "src/test/resources/data/emailData.csv"(file:///C:/Cognizant/Sprint2/sprint2Try3/src/test/resources/features/St_EmailReg.feature:16)
]]>
    </failure>
  </testcase> <!-- runScenario -->
  <testcase classname="testRunner.pwdRunner" name="runScenario" time="19.140"/>
  <testcase classname="testRunner.pwdRunner" name="runScenario" time="28.979">
    <failure message="Mismatch for roll 10097 at column[1]: expected [Ananya Sharma] but found [krish] expected [Ananya Sharma] but found [krish]" type="java.lang.AssertionError">
      <![CDATA[java.lang.AssertionError: Mismatch for roll 10097 at column[1]: expected [Ananya Sharma] but found [krish] expected [Ananya Sharma] but found [krish]
at org.testng.Assert.fail(Assert.java:111)
at org.testng.Assert.failNotEquals(Assert.java:1578)
at org.testng.Assert.assertEqualsImpl(Assert.java:150)
at org.testng.Assert.assertEquals(Assert.java:132)
at org.testng.Assert.assertEquals(Assert.java:656)
at stepDefinitions.ViewAllStudentsSteps.the_user_validates_each_student_by_roll_number(ViewAllStudentsSteps.java:114)
at ✽.the user validates each student by roll number(file:///C:/Cognizant/Sprint2/sprint2Try3/src/test/resources/features/viewAllStudents.feature:16)
]]>
    </failure>
  </testcase> <!-- runScenario -->
  <testcase classname="testRunner.pwdRunner" name="runScenario" time="18.892"/>
  <testcase classname="testRunner.pwdRunner" name="runScenario" time="17.241"/>
</testsuite> <!-- testRunner.pwdRunner -->
