<?xml version="1.0" encoding="UTF-8"?>
<!-- Generated by org.testng.reporters.JUnitReportReporter -->
<testsuite hostname="LAPTOP-77PK29V5" failures="0" tests="7" name="testRunner.SingleTestRunner" time="131.473" errors="0" timestamp="2025-08-10T19:44:46 IST" skipped="0">
  <testcase classname="testRunner.SingleTestRunner" name="runScenario" time="18.183"/>
  <testcase classname="testRunner.SingleTestRunner" name="runScenario" time="18.286"/>
  <testcase classname="testRunner.SingleTestRunner" name="runScenario" time="17.871"/>
  <testcase classname="testRunner.SingleTestRunner" name="runScenario" time="21.954"/>
  <testcase classname="testRunner.SingleTestRunner" name="runScenario" time="18.651"/>
  <testcase classname="testRunner.SingleTestRunner" name="runScenario" time="18.535"/>
  <testcase classname="testRunner.SingleTestRunner" name="runScenario" time="17.993"/>
</testsuite> <!-- testRunner.SingleTestRunner -->
